<?xml version="1.0" encoding="UTF-8"?>
<testsuite name="ChapterManagerTest" tests="8" skipped="0" failures="0" errors="0" timestamp="2025-10-20T03:59:33.893Z" hostname="cage-desktop" time="0.063">
  <properties/>
  <testcase name="testSearchChapters()" classname="ChapterManagerTest" time="0.039"/>
  <testcase name="testDeleteChapter()" classname="ChapterManagerTest" time="0.003"/>
  <testcase name="testSetChapterMetadata()" classname="ChapterManagerTest" time="0.003"/>
  <testcase name="testListChapters()" classname="ChapterManagerTest" time="0.001"/>
  <testcase name="testGetChapterStats()" classname="ChapterManagerTest" time="0.002"/>
  <testcase name="testGetChapter()" classname="ChapterManagerTest" time="0.0"/>
  <testcase name="testEditChapter()" classname="ChapterManagerTest" time="0.008"/>
  <testcase name="testInsertChapter()" classname="ChapterManagerTest" time="0.001"/>
  <system-out><![CDATA[]]></system-out>
  <system-err><![CDATA[]]></system-err>
</testsuite>
