<?xml version="1.0" encoding="UTF-8"?>
<testsuite name="ChapterSaveLoadTest" tests="5" skipped="0" failures="0" errors="0" timestamp="2025-10-20T03:59:33.959Z" hostname="cage-desktop" time="0.011">
  <properties/>
  <testcase name="testMetadataReindexingOnDelete()" classname="ChapterSaveLoadTest" time="0.005"/>
  <testcase name="testExportStoryData()" classname="ChapterSaveLoadTest" time="0.001"/>
  <testcase name="testMetadataShiftingOnInsert()" classname="ChapterSaveLoadTest" time="0.001"/>
  <testcase name="testChapterMetadataPersistence()" classname="ChapterSaveLoadTest" time="0.001"/>
  <testcase name="testLoadMetadata()" classname="ChapterSaveLoadTest" time="0.001"/>
  <system-out><![CDATA[]]></system-out>
  <system-err><![CDATA[]]></system-err>
</testsuite>
